<?xml version="1.0" encoding="UTF-8"?>
<testng-results ignored="0" total="1" passed="1" failed="0" skipped="0">
  <reporter-output>
  </reporter-output>
  <suite started-at="2022-01-10T22:42:51 IST" name="Default suite" finished-at="2022-01-10T22:42:58 IST" duration-ms="7549">
    <groups>
    </groups>
    <test started-at="2022-01-10T22:42:51 IST" name="Default test" finished-at="2022-01-10T22:42:58 IST" duration-ms="7549">
      <class name="testCase.LoginTest">
        <test-method signature="loginFunction()[pri:0, instance:testCase.LoginTest@156b88f5]" started-at="2022-01-10T22:42:51 IST" name="loginFunction" finished-at="2022-01-10T22:42:58 IST" duration-ms="7521" status="PASS">
          <reporter-output>
          </reporter-output>
        </test-method> <!-- loginFunction -->
      </class> <!-- testCase.LoginTest -->
    </test> <!-- Default test -->
  </suite> <!-- Default suite -->
</testng-results>
